-------------------------------------------------------------------------------
Test set: Runner.My_Runner_Test
-------------------------------------------------------------------------------
Tests run: 14, Failures: 3, Errors: 0, Skipped: 0, Time elapsed: 175.459 s <<< FAILURE! - in Runner.My_Runner_Test
Login with Valid Credentials #3(Login functionality)  Time elapsed: 50.245 s  <<< FAILURE!
java.lang.AssertionError

Login with Valid Email and Invalid Password(Login functionality)  Time elapsed: 8.828 s  <<< FAILURE!
java.lang.AssertionError

User searches with the valid Product(Search Functonality)  Time elapsed: 7.897 s  <<< FAILURE!
java.lang.AssertionError: Failed Test Intentionally,    So We Can Take ScreenShot........

